Tweetanalyzer running on rank 3 out of 8 cores
Tweetanalyzer running on rank 0 out of 8 cores
Tweetanalyzer running on rank 1 out of 8 cores
Tweetanalyzer running on rank 2 out of 8 cores
Tweetanalyzer running on rank 4 out of 8 cores
Tweetanalyzer running on rank 5 out of 8 cores
Tweetanalyzer running on rank 6 out of 8 cores
Tweetanalyzer running on rank 7 out of 8 cores
Rank 2 received chunk - chunkStart: 5190280146 -  chunkSize 2595137989
Rank 3 received chunk - chunkStart: 7785418135 -  chunkSize 2595138742
Rank 0 received chunk - chunkStart: 0 -  chunkSize 2595142358
Rank 1 received chunk - chunkStart: 2595142358 -  chunkSize 2595137788
Rank 6 received chunk - chunkStart: 15570834293 -  chunkSize 2595143592
Rank 7 received chunk - chunkStart: 18165977885 -  chunkSize 2595118673
Rank 4 received chunk - chunkStart: 10380556877 -  chunkSize 2595139276
Rank 5 received chunk - chunkStart: 12975696153 -  chunkSize 2595138140
Error reading row from JSON file - ignoring
{"total_rows":215443567,"offset":211386044,"rows":[

Results from process 4
Most common hashtags in dataset
1. #firefightaustralia,3798
2. #มาพ่องเพิ่งอะไร,3187
3. #auspol,2474
4. #btsarmy,2343
5. #taehyung,2334
6. #sydney,767
7. #sportsrorts,730
8. #coronavirus,717
9. #scottyfrommarketing,689
10. #เป๊กผลิตโชค,679
Most common languages in dataset:
1. English (en), 388477
2. Unknown (und), 33263
3. Thai (th), 29773
4. Portuguese (pt), 14697
5. Spanish (es), 9417
6. Unknown (tl), 5660
7. Japanese (ja), 5125
8. Unknown (in), 4317
9. Unknown (zh), 3496
10. Arabic (ar), 3219
Execution time on core with rank 4 was: 0:00:51.174584

Results from process 5
Most common hashtags in dataset
1. #assange,1818
2. #auspol,1712
3. #saveตราด,1336
4. #sonicmovie,1084
5. #mafs,874
6. #sydney,815
7. #coronavirus,809
8. #hblpslv,776
9. #หยุดไฟตราด,696
10. #ourprideshehnaaz,626
Most common languages in dataset:
1. English (en), 398973
2. Unknown (und), 33343
3. Portuguese (pt), 14181
4. Thai (th), 11230
5. Spanish (es), 9629
6. Unknown (tl), 6494
7. Unknown (in), 5600
8. Japanese (ja), 4911
9. Arabic (ar), 3024
10. Unknown (zh), 2988
Execution time on core with rank 5 was: 0:00:51.485677

Results from process 6
Most common hashtags in dataset
1. #auspol,2397
2. #coronavirus,2372
3. #notmypm,1891
4. #daulattuanku,1881
5. #firefightaustralia,1814
6. #assange,1659
7. #calm,1618
8. #mardigras2020,1263
9. #sunyang,1023
10. #sydney,905
Most common languages in dataset:
1. English (en), 374156
2. Unknown (und), 31286
3. Thai (th), 25710
4. Portuguese (pt), 18762
5. Spanish (es), 10090
6. French (fr), 9993
7. Unknown (in), 5439
8. Japanese (ja), 5102
9. Hindi (hi), 4361
10. Unknown (tl), 4190
Execution time on core with rank 6 was: 0:00:51.596000
Error reading row from JSON file - ignoring
]}

Results from process 7
Most common hashtags in dataset
1. #oldme,6089
2. #coronavirus,3483
3. #auspol,2079
4. #covid19,1531
5. #coronavirusaustralia,1380
6. #hblpslv,909
7. #iwd2020,901
8. #ufc248,808
9. #assange,675
10. #sydney,630
Most common languages in dataset:
1. English (en), 384040
2. Unknown (und), 36139
3. Thai (th), 18618
4. Portuguese (pt), 14323
5. Spanish (es), 11421
6. Japanese (ja), 5605
7. Unknown (in), 5253
8. Unknown (tl), 3973
9. Arabic (ar), 2903
10. French (fr), 2642
Execution time on core with rank 7 was: 0:00:51.841080

Results from process 0
Most common hashtags in dataset
1. #auspol,3282
2. #iheartawards,1230
3. #australiafires,1113
4. #sydney,950
5. #climatechange,932
6. #bushfires,888
7. #winnercrosstourinbkk,858
8. #crisisoninfiniteearths,853
9. #เป๊กผลิตโชค,815
10. #australianfires,744
Most common languages in dataset:
1. English (en), 400114
2. Unknown (und), 31269
3. Portuguese (pt), 16389
4. Thai (th), 13519
5. Spanish (es), 9508
6. French (fr), 5841
7. Japanese (ja), 4951
8. Unknown (tl), 4659
9. Unknown (in), 4222
10. Persian (fa), 3210

Results from process 3
Most common hashtags in dataset
1. #มาพ่องเพิ่งอะไร,4341
2. #auspol,2499
3. #todaystophits,1734
4. #qanda,1363
5. #oscars,1207
6. #sydneystorm,1039
7. #newmusicdaily,1010
8. #mafs,980
9. #coronavirus,883
10. #sydney,856
Most common languages in dataset:
1. English (en), 374971
2. Unknown (und), 28699
3. Thai (th), 16086
4. Portuguese (pt), 15671
5. Spanish (es), 10254
6. Unknown (in), 7762
7. Unknown (tl), 7324
8. Japanese (ja), 4966
9. Korean (ko), 4014
10. Turkish (tr), 3129
Execution time on core with rank 3 was: 0:01:00.822335

Results from process 1
Most common hashtags in dataset
1. #auspol,3319
2. #scottyfrommarketing,1242
3. #iheartawards,936
4. #sportsrortsii,922
5. #crimeminister,821
6. #firefightaustralia,797
7. #chartbustersid,795
8. #ausopen,738
9. #shehnaazgill,662
10. #sportsrort,656
Most common languages in dataset:
1. English (en), 397530
2. Unknown (und), 27611
3. Portuguese (pt), 15825
4. Thai (th), 9097
5. French (fr), 6521
6. Spanish (es), 6516
7. Unknown (tl), 5609
8. Unknown (in), 5059
9. Japanese (ja), 4895
10. Arabic (ar), 3254
Execution time on core with rank 1 was: 0:01:01.205442

Results from process 2
Most common hashtags in dataset
1. #grammys,5056
2. #auspol,2116
3. #sportsrorts,2006
4. #coronavirus,1564
5. #penceknew,1435
6. #ausopen,1303
7. #scottyfrommarketing,954
8. #australiaday,922
9. #missamericana,897
10. #bornfightersana,830
Most common languages in dataset:
1. English (en), 388855
2. Unknown (und), 30507
3. Portuguese (pt), 16010
4. Japanese (ja), 14374
5. Thai (th), 10538
6. Spanish (es), 7193
7. Unknown (tl), 6651
8. French (fr), 5852
9. Unknown (in), 4644
10. Unknown (lt), 3998
Execution time on core with rank 2 was: 0:01:01.416623

Final results
Most common hashtags in dataset
1. #auspol,19878
2. #coronavirus,10110
3. #มาพ่องเพิ่งอะไร,7531
4. #firefightaustralia,6812
5. #oldme,6418
6. #sydney,6196
7. #scottyfrommarketing,5185
8. #grammys,5085
9. #assange,4689
10. #sportsrorts,4516
Most common languages in dataset:
1. English (en), 3107116
2. Unknown (und), 252117
3. Thai (th), 134571
4. Portuguese (pt), 125858
5. Spanish (es), 74028
6. Japanese (ja), 49929
7. Unknown (tl), 44560
8. Unknown (in), 42296
9. French (fr), 38098
10. Arabic (ar), 24501
Total execution time was: 0:01:02.165082
