Tweetanalyzer running on rank 0 out of 1 cores
Rank 0 received chunk - chunkStart: 0 -  chunkSize 20761096558
Error reading row from JSON file - ignoring
{"total_rows":215443567,"offset":211386044,"rows":[
Error reading row from JSON file - ignoring
]}

Results from process 0
Most common hashtags in dataset
1. #auspol,19878
2. #coronavirus,10110
3. #มาพ่องเพิ่งอะไร,7531
4. #firefightaustralia,6812
5. #oldme,6418
6. #sydney,6196
7. #scottyfrommarketing,5185
8. #grammys,5085
9. #assange,4689
10. #sportsrorts,4516
Most common languages in dataset:
1. English (en), 3107116
2. Unknown (und), 252117
3. Thai (th), 134571
4. Portuguese (pt), 125858
5. Spanish (es), 74028
6. Japanese (ja), 49929
7. Unknown (tl), 44560
8. Unknown (in), 42296
9. French (fr), 38098
10. Arabic (ar), 24501

Final results
Most common hashtags in dataset
1. #auspol,19878
2. #coronavirus,10110
3. #มาพ่องเพิ่งอะไร,7531
4. #firefightaustralia,6812
5. #oldme,6418
6. #sydney,6196
7. #scottyfrommarketing,5185
8. #grammys,5085
9. #assange,4689
10. #sportsrorts,4516
Most common languages in dataset:
1. English (en), 3107116
2. Unknown (und), 252117
3. Thai (th), 134571
4. Portuguese (pt), 125858
5. Spanish (es), 74028
6. Japanese (ja), 49929
7. Unknown (tl), 44560
8. Unknown (in), 42296
9. French (fr), 38098
10. Arabic (ar), 24501
Total execution time was: 0:06:37.405083
